This is XeTeX, Version 3.141592653-2.6-0.999997 (TeX Live 2025) (preloaded format=xelatex 2025.6.18)  29 NOV 2025 22:44
entering extended mode
 restricted \write18 enabled.
 file:line:error style messages enabled.
 %&-line parsing enabled.
**c:/Users/choim/OneDrive/문서/GitHub/R-E/Final_report/Final_report
(c:/Users/choim/OneDrive/문서/GitHub/R-E/Final_report/Final_report.tex
LaTeX2e <2025-06-01> patch level 1
L3 programming layer <2025-05-26>
(c:/texlive/2025/texmf-dist/tex/latex/base/article.cls
Document Class: article 2025/01/22 v1.4n Standard LaTeX document class
(c:/texlive/2025/texmf-dist/tex/latex/base/size10.clo
File: size10.clo 2025/01/22 v1.4n Standard LaTeX file (size option)
)
\c@part=\count271
\c@section=\count272
\c@subsection=\count273
\c@subsubsection=\count274
\c@paragraph=\count275
\c@subparagraph=\count276
\c@figure=\count277
\c@table=\count278
\abovecaptionskip=\skip49
\belowcaptionskip=\skip50
\bibindent=\dimen148
) (c:/texlive/2025/texmf-dist/tex/latex/graphics/graphicx.sty
Package: graphicx 2024/12/31 v1.2e Enhanced LaTeX Graphics (DPC,SPQR)
 (c:/texlive/2025/texmf-dist/tex/latex/graphics/keyval.sty
Package: keyval 2022/05/29 v1.15 key=value parser (DPC)
\KV@toks@=\toks17
) (c:/texlive/2025/texmf-dist/tex/latex/graphics/graphics.sty
Package: graphics 2024/08/06 v1.4g Standard LaTeX Graphics (DPC,SPQR)
 (c:/texlive/2025/texmf-dist/tex/latex/graphics/trig.sty
Package: trig 2023/12/02 v1.11 sin cos tan (DPC)
) (c:/texlive/2025/texmf-dist/tex/latex/graphics-cfg/graphics.cfg
File: graphics.cfg 2016/06/04 v1.11 sample graphics configuration
)
Package graphics Info: Driver file: xetex.def on input line 106.
 (c:/texlive/2025/texmf-dist/tex/latex/graphics-def/xetex.def
File: xetex.def 2022/09/22 v5.0n Graphics/color driver for xetex
))
\Gin@req@height=\dimen149
\Gin@req@width=\dimen150
) (c:/texlive/2025/texmf-dist/tex/latex/cjk-ko/kotex.sty
Package: kotex 2015/04/19 v1.6 Korean TeX (ko.TeX)
 (c:/texlive/2025/texmf-dist/tex/latex/kotex-utf/kotex.cfg) (c:/texlive/2025/texmf-dist/tex/xetex/xetexko/xetexko.sty
Package: xetexko 2025/02/24 v4.4 typesetting Korean with XeTeX
\XeTeXcharclassID=\XeTeXcharclass1
\XeTeXcharclassCJ=\XeTeXcharclass2
\XeTeXcharclassOP=\XeTeXcharclass3
\XeTeXcharclassCL=\XeTeXcharclass4
\XeTeXcharclassEX=\XeTeXcharclass5
\XeTeXcharclassCM=\XeTeXcharclass6
 (c:/texlive/2025/texmf-dist/tex/generic/unicode-data/load-unicode-xetex-classes.tex 
load-unicode-xetex-classes.tex v1.18 (2025-01-07)
Reading Unicode east Asian character class data
# LineBreak-16.0.0.txt 
# Date: 2024-07-29, 16:26:55 GMT 
# EastAsianWidth-16.0.0.txt 
# Date: 2024-04-30, 21:48:20 GMT 
)
\XeTeXcharclassHG=\XeTeXcharclass7
\XeTeXcharclassJJ=\XeTeXcharclass8
\XeTeXcharclassMD=\XeTeXcharclass9
\XeTeXcharclassFS=\XeTeXcharclass10
\XeTeXcharclassLD=\XeTeXcharclass11
\XeTeXcharclassSY=\XeTeXcharclass12
\XeTeXcharclassAO=\XeTeXcharclass13
\XeTeXcharclassAC=\XeTeXcharclass14
\XeTeXcharclassAM=\XeTeXcharclass15
\XeTeXcharclassAH=\XeTeXcharclass16
\XeTeXcharclassAP=\XeTeXcharclass17
\XeTeXcharclassVC=\XeTeXcharclass18
\XeKo@toks@=\toks18
\XeKo@toks@ii=\toks19
\XeKo@skip@=\skip51
\XeKo@count@=\count279
\XeKo@dimen@=\dimen151
\XeKo@box@=\box53
\XeKo@dotemph@box=\box54
 (c:/texlive/2025/texmf-dist/tex/latex/fontspec/fontspec.sty (c:/texlive/2025/texmf-dist/tex/latex/l3packages/xparse/xparse.sty (c:/texlive/2025/texmf-dist/tex/latex/l3kernel/expl3.sty
Package: expl3 2025-05-26 L3 programming layer (loader) 
 (c:/texlive/2025/texmf-dist/tex/latex/l3backend/l3backend-xetex.def
File: l3backend-xetex.def 2025-04-14 L3 backend support: XeTeX
\g__graphics_track_int=\count280
\g__pdfannot_backend_int=\count281
\g__pdfannot_backend_link_int=\count282
))
Package: xparse 2024-08-16 L3 Experimental document command parser
)
Package: fontspec 2024/05/11 v2.9e Font selection for XeLaTeX and LuaLaTeX
 (c:/texlive/2025/texmf-dist/tex/latex/fontspec/fontspec-xetex.sty
Package: fontspec-xetex 2024/05/11 v2.9e Font selection for XeLaTeX and LuaLaTeX
\l__fontspec_script_int=\count283
\l__fontspec_language_int=\count284
\l__fontspec_strnum_int=\count285
\l__fontspec_tmp_int=\count286
\l__fontspec_tmpa_int=\count287
\l__fontspec_tmpb_int=\count288
\l__fontspec_tmpc_int=\count289
\l__fontspec_em_int=\count290
\l__fontspec_emdef_int=\count291
\l__fontspec_strong_int=\count292
\l__fontspec_strongdef_int=\count293
\l__fontspec_tmpa_dim=\dimen152
\l__fontspec_tmpb_dim=\dimen153
\l__fontspec_tmpc_dim=\dimen154
 (c:/texlive/2025/texmf-dist/tex/latex/base/fontenc.sty
Package: fontenc 2024/12/21 v2.1c Standard LaTeX package
) (c:/texlive/2025/texmf-dist/tex/latex/fontspec/fontspec.cfg))) (c:/texlive/2025/texmf-dist/tex/latex/cjk-ko/kolabels-utf.sty
Package: kolabels-utf 2015/03/20 v1.5 UTF-8 Hangul item labels
))) (c:/texlive/2025/texmf-dist/tex/latex/amsmath/amsmath.sty
Package: amsmath 2025/05/18 v2.17x AMS math features
\@mathmargin=\skip52

For additional information on amsmath, use the `?' option.
(c:/texlive/2025/texmf-dist/tex/latex/amsmath/amstext.sty
Package: amstext 2024/11/17 v2.01 AMS text
 (c:/texlive/2025/texmf-dist/tex/latex/amsmath/amsgen.sty
File: amsgen.sty 1999/11/30 v2.0 generic functions
\@emptytoks=\toks20
\ex@=\dimen155
)) (c:/texlive/2025/texmf-dist/tex/latex/amsmath/amsbsy.sty
Package: amsbsy 1999/11/29 v1.2d Bold Symbols
\pmbraise@=\dimen156
) (c:/texlive/2025/texmf-dist/tex/latex/amsmath/amsopn.sty
Package: amsopn 2022/04/08 v2.04 operator names
)
\inf@bad=\count294
LaTeX Info: Redefining \frac on input line 233.
\uproot@=\count295
\leftroot@=\count296
LaTeX Info: Redefining \overline on input line 398.
LaTeX Info: Redefining \colon on input line 409.
\classnum@=\count297
\DOTSCASE@=\count298
LaTeX Info: Redefining \ldots on input line 495.
LaTeX Info: Redefining \dots on input line 498.
LaTeX Info: Redefining \cdots on input line 619.
\Mathstrutbox@=\box55
\strutbox@=\box56
LaTeX Info: Redefining \big on input line 721.
LaTeX Info: Redefining \Big on input line 722.
LaTeX Info: Redefining \bigg on input line 723.
LaTeX Info: Redefining \Bigg on input line 724.
\big@size=\dimen157
LaTeX Font Info:    Redeclaring font encoding OML on input line 742.
LaTeX Font Info:    Redeclaring font encoding OMS on input line 743.
\macc@depth=\count299
LaTeX Info: Redefining \bmod on input line 904.
LaTeX Info: Redefining \pmod on input line 909.
LaTeX Info: Redefining \smash on input line 939.
LaTeX Info: Redefining \relbar on input line 969.
LaTeX Info: Redefining \Relbar on input line 970.
\c@MaxMatrixCols=\count300
\dotsspace@=\muskip17
\c@parentequation=\count301
\dspbrk@lvl=\count302
\tag@help=\toks21
\row@=\count303
\column@=\count304
\maxfields@=\count305
\andhelp@=\toks22
\eqnshift@=\dimen158
\alignsep@=\dimen159
\tagshift@=\dimen160
\tagwidth@=\dimen161
\totwidth@=\dimen162
\lineht@=\dimen163
\@envbody=\toks23
\multlinegap=\skip53
\multlinetaggap=\skip54
\mathdisplay@stack=\toks24
LaTeX Info: Redefining \[ on input line 2949.
LaTeX Info: Redefining \] on input line 2950.
) (c:/texlive/2025/texmf-dist/tex/latex/mathtools/mathtools.sty
Package: mathtools 2024/10/04 v1.31 mathematical typesetting tools
 (c:/texlive/2025/texmf-dist/tex/latex/tools/calc.sty
Package: calc 2025/03/01 v4.3b Infix arithmetic (KKT,FJ)
\calc@Acount=\count306
\calc@Bcount=\count307
\calc@Adimen=\dimen164
\calc@Bdimen=\dimen165
\calc@Askip=\skip55
\calc@Bskip=\skip56
LaTeX Info: Redefining \setlength on input line 86.
LaTeX Info: Redefining \addtolength on input line 87.
\calc@Ccount=\count308
\calc@Cskip=\skip57
) (c:/texlive/2025/texmf-dist/tex/latex/mathtools/mhsetup.sty
Package: mhsetup 2021/03/18 v1.4 programming setup (MH)
)
\g_MT_multlinerow_int=\count309
\l_MT_multwidth_dim=\dimen166
\origjot=\skip58
\l_MT_shortvdotswithinadjustabove_dim=\dimen167
\l_MT_shortvdotswithinadjustbelow_dim=\dimen168
\l_MT_above_intertext_sep=\dimen169
\l_MT_below_intertext_sep=\dimen170
\l_MT_above_shortintertext_sep=\dimen171
\l_MT_below_shortintertext_sep=\dimen172
\xmathstrut@box=\box57
\xmathstrut@dim=\dimen173
) (c:/texlive/2025/texmf-dist/tex/latex/amsfonts/amssymb.sty
Package: amssymb 2013/01/14 v3.01 AMS font symbols
 (c:/texlive/2025/texmf-dist/tex/latex/amsfonts/amsfonts.sty
Package: amsfonts 2013/01/14 v3.01 Basic AMSFonts support
\symAMSa=\mathgroup4
\symAMSb=\mathgroup5
LaTeX Font Info:    Redeclaring math symbol \hbar on input line 98.
LaTeX Font Info:    Overwriting math alphabet `\mathfrak' in version `bold'
(Font)                  U/euf/m/n --> U/euf/b/n on input line 106.
)) (c:/texlive/2025/texmf-dist/tex/latex/amscls/amsthm.sty
Package: amsthm 2020/05/29 v2.20.6
\thm@style=\toks25
\thm@bodyfont=\toks26
\thm@headfont=\toks27
\thm@notefont=\toks28
\thm@headpunct=\toks29
\thm@preskip=\skip59
\thm@postskip=\skip60
\thm@headsep=\skip61
\dth@everypar=\toks30
) (c:/texlive/2025/texmf-dist/tex/latex/geometry/geometry.sty
Package: geometry 2020/01/02 v5.9 Page Geometry
 (c:/texlive/2025/texmf-dist/tex/generic/iftex/ifvtex.sty
Package: ifvtex 2019/10/25 v1.7 ifvtex legacy package. Use iftex instead.
 (c:/texlive/2025/texmf-dist/tex/generic/iftex/iftex.sty
Package: iftex 2024/12/12 v1.0g TeX engine tests
))
\Gm@cnth=\count310
\Gm@cntv=\count311
\c@Gm@tempcnt=\count312
\Gm@bindingoffset=\dimen174
\Gm@wd@mp=\dimen175
\Gm@odd@mp=\dimen176
\Gm@even@mp=\dimen177
\Gm@layoutwidth=\dimen178
\Gm@layoutheight=\dimen179
\Gm@layouthoffset=\dimen180
\Gm@layoutvoffset=\dimen181
\Gm@dimlist=\toks31


c:/texlive/2025/texmf-dist/tex/latex/geometry/geometry.sty:1005: Package keyval Error: nonhead undefined.

See the keyval package documentation for explanation.
Type  H <return>  for immediate help.
 ...                                              
                                                  
l.1005 \ProcessOptionsKV[p]{Gm}
                               %
Try typing  <return>  to proceed.
If that doesn't work, type  X <return>  to quit.

) (c:/texlive/2025/texmf-dist/tex/latex/setspace/setspace.sty
Package: setspace 2022/12/04 v6.7b set line spacing
) (c:/texlive/2025/texmf-dist/tex/latex/abstract/abstract.sty
Package: abstract 2009/06/08 v1.2a configurable abstracts
\abstitleskip=\skip62
\absleftindent=\skip63
\absrightindent=\skip64
\absparindent=\skip65
\absparsep=\skip66
) (c:/texlive/2025/texmf-dist/tex/latex/preprint/authblk.sty
Package: authblk 2001/02/27 1.3 (PWD)
\affilsep=\skip67
\@affilsep=\skip68
\c@Maxaffil=\count313
\c@authors=\count314
\c@affil=\count315
) (c:/texlive/2025/texmf-dist/tex/latex/enumitem/enumitem.sty
Package: enumitem 2025/02/06 v3.11 Customized lists
\labelindent=\skip69
\enit@outerparindent=\dimen182
\enit@toks=\toks32
\enit@inbox=\box58
\enit@count@id=\count316
\enitdp@description=\count317
) (c:/texlive/2025/texmf-dist/tex/latex/float/float.sty
Package: float 2001/11/08 v1.3d Float enhancements (AL)
\c@float@type=\count318
\float@exts=\toks33
\float@box=\box59
\@float@everytoks=\toks34
\@floatcapt=\box60
) (c:/texlive/2025/texmf-dist/tex/latex/caption/subcaption.sty
Package: subcaption 2023/07/28 v1.6b Sub-captions (AR)
 (c:/texlive/2025/texmf-dist/tex/latex/caption/caption.sty
Package: caption 2023/08/05 v3.6o Customizing captions (AR)
 (c:/texlive/2025/texmf-dist/tex/latex/caption/caption3.sty
Package: caption3 2023/07/31 v2.4d caption3 kernel (AR)
\caption@tempdima=\dimen183
\captionmargin=\dimen184
\caption@leftmargin=\dimen185
\caption@rightmargin=\dimen186
\caption@width=\dimen187
\caption@indent=\dimen188
\caption@parindent=\dimen189
\caption@hangindent=\dimen190
Package caption Info: Standard document class detected.
)
\c@caption@flags=\count319
\c@continuedfloat=\count320
Package caption Info: float package is loaded.
)
Package caption Info: New subtype `subfigure' on input line 238.
\c@subfigure=\count321
Package caption Info: New subtype `subtable' on input line 238.
\c@subtable=\count322
) (c:/texlive/2025/texmf-dist/tex/latex/tools/multicol.sty
Package: multicol 2025/05/25 v2.0a multicolumn formatting (FMi)
\c@tracingmulticols=\count323
\mult@box=\box61
\multicol@leftmargin=\dimen191
\c@unbalance=\count324
\c@collectmore=\count325
\doublecol@number=\count326
\multicoltolerance=\count327
\multicolpretolerance=\count328
\full@width=\dimen192
\page@free=\dimen193
\premulticols=\dimen194
\postmulticols=\dimen195
\multicolsep=\skip70
\multicolbaselineskip=\skip71
\partial@page=\box62
\last@line=\box63
\mc@boxedresult=\box64
\maxbalancingoverflow=\dimen196
\mult@rightbox=\box65
\mult@grightbox=\box66
\mult@firstbox=\box67
\mult@gfirstbox=\box68
\@tempa=\box69
\@tempa=\box70
\@tempa=\box71
\@tempa=\box72
\@tempa=\box73
\@tempa=\box74
\@tempa=\box75
\@tempa=\box76
\@tempa=\box77
\@tempa=\box78
\@tempa=\box79
\@tempa=\box80
\@tempa=\box81
\@tempa=\box82
\@tempa=\box83
\@tempa=\box84
\@tempa=\box85
\@tempa=\box86
\@tempa=\box87
\@tempa=\box88
\@tempa=\box89
\@tempa=\box90
\@tempa=\box91
\@tempa=\box92
\@tempa=\box93
\@tempa=\box94
\@tempa=\box95
\@tempa=\box96
\@tempa=\box97
\@tempa=\box98
\@tempa=\box99
\@tempa=\box100
\@tempa=\box101
\@tempa=\box102
\@tempa=\box103
\@tempa=\box104
\c@minrows=\count329
\c@columnbadness=\count330
\c@finalcolumnbadness=\count331
\last@try=\dimen197
\multicolovershoot=\dimen198
\multicolundershoot=\dimen199
\mult@nat@firstbox=\box105
\colbreak@box=\box106
\mc@col@check@num=\count332
\g__mc_curr_col_int=\count333
) (c:/texlive/2025/texmf-dist/tex/latex/tools/layout.sty
Package: layout 2023-08-20 v1.2e Show layout parameters
\oneinch=\count334
\cnt@paperwidth=\count335
\cnt@paperheight=\count336
\cnt@hoffset=\count337
\cnt@voffset=\count338
\cnt@textheight=\count339
\cnt@textwidth=\count340
\cnt@topmargin=\count341
\cnt@oddsidemargin=\count342
\cnt@evensidemargin=\count343
\cnt@headheight=\count344
\cnt@headsep=\count345
\cnt@marginparsep=\count346
\cnt@marginparwidth=\count347
\cnt@marginparpush=\count348
\cnt@footskip=\count349
\fheight=\count350
\ref@top=\count351
\ref@hoffset=\count352
\ref@voffset=\count353
\ref@head=\count354
\ref@body=\count355
\ref@foot=\count356
\ref@margin=\count357
\ref@marginwidth=\count358
\ref@marginpar=\count359
\Interval=\count360
\ExtraYPos=\count361
\PositionX=\count362
\PositionY=\count363
\ArrowLength=\count364
) (c:/texlive/2025/texmf-dist/tex/generic/epsf/epsf.sty
This is `epsf.tex' v2.7.4 <14 February 2011>
\epsffilein=\read2
\epsfframemargin=\dimen256
\epsfframethickness=\dimen257
\epsfrsize=\dimen258
\epsftmp=\dimen259
\epsftsize=\dimen260
\epsfxsize=\dimen261
\epsfysize=\dimen262
\pspoints=\dimen263
) (c:/texlive/2025/texmf-dist/tex/latex/tools/verbatim.sty
Package: verbatim 2024-01-22 v1.5x LaTeX2e package for verbatim enhancements
\every@verbatim=\toks35
\verbatim@line=\toks36
\verbatim@in@stream=\read3
) (c:/texlive/2025/texmf-dist/tex/latex/tools/array.sty
Package: array 2025/06/08 v2.6j Tabular extension package (FMi)
\col@sep=\dimen264
\ar@mcellbox=\box107
\extrarowheight=\dimen265
\NC@list=\toks37
\extratabsurround=\skip72
\backup@length=\skip73
\ar@cellbox=\box108
) (c:/texlive/2025/texmf-dist/tex/latex/tools/tabularx.sty
Package: tabularx 2023/12/11 v2.12a `tabularx' package (DPC)
\TX@col@width=\dimen266
\TX@old@table=\dimen267
\TX@old@col=\dimen268
\TX@target=\dimen269
\TX@delta=\dimen270
\TX@cols=\count365
\TX@ftn=\toks38
) (c:/texlive/2025/texmf-dist/tex/latex/pgf/frontendlayer/tikz.sty (c:/texlive/2025/texmf-dist/tex/latex/pgf/basiclayer/pgf.sty (c:/texlive/2025/texmf-dist/tex/latex/pgf/utilities/pgfrcs.sty (c:/texlive/2025/texmf-dist/tex/generic/pgf/utilities/pgfutil-common.tex
\pgfutil@everybye=\toks39
\pgfutil@tempdima=\dimen271
\pgfutil@tempdimb=\dimen272
) (c:/texlive/2025/texmf-dist/tex/generic/pgf/utilities/pgfutil-latex.def
\pgfutil@abb=\box109
) (c:/texlive/2025/texmf-dist/tex/generic/pgf/utilities/pgfrcs.code.tex (c:/texlive/2025/texmf-dist/tex/generic/pgf/pgf.revision.tex)
Package: pgfrcs 2023-01-15 v3.1.10 (3.1.10)
))
Package: pgf 2023-01-15 v3.1.10 (3.1.10)
 (c:/texlive/2025/texmf-dist/tex/latex/pgf/basiclayer/pgfcore.sty (c:/texlive/2025/texmf-dist/tex/latex/pgf/systemlayer/pgfsys.sty (c:/texlive/2025/texmf-dist/tex/generic/pgf/systemlayer/pgfsys.code.tex
Package: pgfsys 2023-01-15 v3.1.10 (3.1.10)
 (c:/texlive/2025/texmf-dist/tex/generic/pgf/utilities/pgfkeys.code.tex
\pgfkeys@pathtoks=\toks40
\pgfkeys@temptoks=\toks41
 (c:/texlive/2025/texmf-dist/tex/generic/pgf/utilities/pgfkeyslibraryfiltered.code.tex
\pgfkeys@tmptoks=\toks42
))
\pgf@x=\dimen273
\pgf@y=\dimen274
\pgf@xa=\dimen275
\pgf@ya=\dimen276
\pgf@xb=\dimen277
\pgf@yb=\dimen278
\pgf@xc=\dimen279
\pgf@yc=\dimen280
\pgf@xd=\dimen281
\pgf@yd=\dimen282
\w@pgf@writea=\write3
\r@pgf@reada=\read4
\c@pgf@counta=\count366
\c@pgf@countb=\count367
\c@pgf@countc=\count368
\c@pgf@countd=\count369
\t@pgf@toka=\toks43
\t@pgf@tokb=\toks44
\t@pgf@tokc=\toks45
\pgf@sys@id@count=\count370
 (c:/texlive/2025/texmf-dist/tex/generic/pgf/systemlayer/pgf.cfg
File: pgf.cfg 2023-01-15 v3.1.10 (3.1.10)
)
Driver file for pgf: pgfsys-xetex.def
 (c:/texlive/2025/texmf-dist/tex/generic/pgf/systemlayer/pgfsys-xetex.def
File: pgfsys-xetex.def 2023-01-15 v3.1.10 (3.1.10)
 (c:/texlive/2025/texmf-dist/tex/generic/pgf/systemlayer/pgfsys-dvipdfmx.def
File: pgfsys-dvipdfmx.def 2023-01-15 v3.1.10 (3.1.10)
 (c:/texlive/2025/texmf-dist/tex/generic/pgf/systemlayer/pgfsys-common-pdf.def
File: pgfsys-common-pdf.def 2023-01-15 v3.1.10 (3.1.10)
)
\pgfsys@objnum=\count371
))) (c:/texlive/2025/texmf-dist/tex/generic/pgf/systemlayer/pgfsyssoftpath.code.tex
File: pgfsyssoftpath.code.tex 2023-01-15 v3.1.10 (3.1.10)
\pgfsyssoftpath@smallbuffer@items=\count372
\pgfsyssoftpath@bigbuffer@items=\count373
) (c:/texlive/2025/texmf-dist/tex/generic/pgf/systemlayer/pgfsysprotocol.code.tex
File: pgfsysprotocol.code.tex 2023-01-15 v3.1.10 (3.1.10)
)) (c:/texlive/2025/texmf-dist/tex/latex/xcolor/xcolor.sty
Package: xcolor 2024/09/29 v3.02 LaTeX color extensions (UK)
 (c:/texlive/2025/texmf-dist/tex/latex/graphics-cfg/color.cfg
File: color.cfg 2016/01/02 v1.6 sample color configuration
)
Package xcolor Info: Driver file: xetex.def on input line 274.
 (c:/texlive/2025/texmf-dist/tex/latex/graphics/mathcolor.ltx)
Package xcolor Info: Model `cmy' substituted by `cmy0' on input line 1349.
Package xcolor Info: Model `RGB' extended on input line 1365.
Package xcolor Info: Model `HTML' substituted by `rgb' on input line 1367.
Package xcolor Info: Model `Hsb' substituted by `hsb' on input line 1368.
Package xcolor Info: Model `tHsb' substituted by `hsb' on input line 1369.
Package xcolor Info: Model `HSB' substituted by `hsb' on input line 1370.
Package xcolor Info: Model `Gray' substituted by `gray' on input line 1371.
Package xcolor Info: Model `wave' substituted by `hsb' on input line 1372.
) (c:/texlive/2025/texmf-dist/tex/generic/pgf/basiclayer/pgfcore.code.tex
Package: pgfcore 2023-01-15 v3.1.10 (3.1.10)
 (c:/texlive/2025/texmf-dist/tex/generic/pgf/math/pgfmath.code.tex (c:/texlive/2025/texmf-dist/tex/generic/pgf/math/pgfmathutil.code.tex) (c:/texlive/2025/texmf-dist/tex/generic/pgf/math/pgfmathparser.code.tex
\pgfmath@dimen=\dimen283
\pgfmath@count=\count374
\pgfmath@box=\box110
\pgfmath@toks=\toks46
\pgfmath@stack@operand=\toks47
\pgfmath@stack@operation=\toks48
) (c:/texlive/2025/texmf-dist/tex/generic/pgf/math/pgfmathfunctions.code.tex) (c:/texlive/2025/texmf-dist/tex/generic/pgf/math/pgfmathfunctions.basic.code.tex) (c:/texlive/2025/texmf-dist/tex/generic/pgf/math/pgfmathfunctions.trigonometric.code.tex) (c:/texlive/2025/texmf-dist/tex/generic/pgf/math/pgfmathfunctions.random.code.tex) (c:/texlive/2025/texmf-dist/tex/generic/pgf/math/pgfmathfunctions.comparison.code.tex) (c:/texlive/2025/texmf-dist/tex/generic/pgf/math/pgfmathfunctions.base.code.tex) (c:/texlive/2025/texmf-dist/tex/generic/pgf/math/pgfmathfunctions.round.code.tex) (c:/texlive/2025/texmf-dist/tex/generic/pgf/math/pgfmathfunctions.misc.code.tex) (c:/texlive/2025/texmf-dist/tex/generic/pgf/math/pgfmathfunctions.integerarithmetics.code.tex) (c:/texlive/2025/texmf-dist/tex/generic/pgf/math/pgfmathcalc.code.tex) (c:/texlive/2025/texmf-dist/tex/generic/pgf/math/pgfmathfloat.code.tex
\c@pgfmathroundto@lastzeros=\count375
)) (c:/texlive/2025/texmf-dist/tex/generic/pgf/math/pgfint.code.tex) (c:/texlive/2025/texmf-dist/tex/generic/pgf/basiclayer/pgfcorepoints.code.tex
File: pgfcorepoints.code.tex 2023-01-15 v3.1.10 (3.1.10)
\pgf@picminx=\dimen284
\pgf@picmaxx=\dimen285
\pgf@picminy=\dimen286
\pgf@picmaxy=\dimen287
\pgf@pathminx=\dimen288
\pgf@pathmaxx=\dimen289
\pgf@pathminy=\dimen290
\pgf@pathmaxy=\dimen291
\pgf@xx=\dimen292
\pgf@xy=\dimen293
\pgf@yx=\dimen294
\pgf@yy=\dimen295
\pgf@zx=\dimen296
\pgf@zy=\dimen297
) (c:/texlive/2025/texmf-dist/tex/generic/pgf/basiclayer/pgfcorepathconstruct.code.tex
File: pgfcorepathconstruct.code.tex 2023-01-15 v3.1.10 (3.1.10)
\pgf@path@lastx=\dimen298
\pgf@path@lasty=\dimen299
) (c:/texlive/2025/texmf-dist/tex/generic/pgf/basiclayer/pgfcorepathusage.code.tex
File: pgfcorepathusage.code.tex 2023-01-15 v3.1.10 (3.1.10)
\pgf@shorten@end@additional=\dimen300
\pgf@shorten@start@additional=\dimen301
) (c:/texlive/2025/texmf-dist/tex/generic/pgf/basiclayer/pgfcorescopes.code.tex
File: pgfcorescopes.code.tex 2023-01-15 v3.1.10 (3.1.10)
\pgfpic=\box111
\pgf@hbox=\box112
\pgf@layerbox@main=\box113
\pgf@picture@serial@count=\count376
) (c:/texlive/2025/texmf-dist/tex/generic/pgf/basiclayer/pgfcoregraphicstate.code.tex
File: pgfcoregraphicstate.code.tex 2023-01-15 v3.1.10 (3.1.10)
\pgflinewidth=\dimen302
) (c:/texlive/2025/texmf-dist/tex/generic/pgf/basiclayer/pgfcoretransformations.code.tex
File: pgfcoretransformations.code.tex 2023-01-15 v3.1.10 (3.1.10)
\pgf@pt@x=\dimen303
\pgf@pt@y=\dimen304
\pgf@pt@temp=\dimen305
) (c:/texlive/2025/texmf-dist/tex/generic/pgf/basiclayer/pgfcorequick.code.tex
File: pgfcorequick.code.tex 2023-01-15 v3.1.10 (3.1.10)
) (c:/texlive/2025/texmf-dist/tex/generic/pgf/basiclayer/pgfcoreobjects.code.tex
File: pgfcoreobjects.code.tex 2023-01-15 v3.1.10 (3.1.10)
) (c:/texlive/2025/texmf-dist/tex/generic/pgf/basiclayer/pgfcorepathprocessing.code.tex
File: pgfcorepathprocessing.code.tex 2023-01-15 v3.1.10 (3.1.10)
) (c:/texlive/2025/texmf-dist/tex/generic/pgf/basiclayer/pgfcorearrows.code.tex
File: pgfcorearrows.code.tex 2023-01-15 v3.1.10 (3.1.10)
\pgfarrowsep=\dimen306
) (c:/texlive/2025/texmf-dist/tex/generic/pgf/basiclayer/pgfcoreshade.code.tex
File: pgfcoreshade.code.tex 2023-01-15 v3.1.10 (3.1.10)
\pgf@max=\dimen307
\pgf@sys@shading@range@num=\count377
\pgf@shadingcount=\count378
) (c:/texlive/2025/texmf-dist/tex/generic/pgf/basiclayer/pgfcoreimage.code.tex
File: pgfcoreimage.code.tex 2023-01-15 v3.1.10 (3.1.10)
) (c:/texlive/2025/texmf-dist/tex/generic/pgf/basiclayer/pgfcoreexternal.code.tex
File: pgfcoreexternal.code.tex 2023-01-15 v3.1.10 (3.1.10)
\pgfexternal@startupbox=\box114
) (c:/texlive/2025/texmf-dist/tex/generic/pgf/basiclayer/pgfcorelayers.code.tex
File: pgfcorelayers.code.tex 2023-01-15 v3.1.10 (3.1.10)
) (c:/texlive/2025/texmf-dist/tex/generic/pgf/basiclayer/pgfcoretransparency.code.tex
File: pgfcoretransparency.code.tex 2023-01-15 v3.1.10 (3.1.10)
) (c:/texlive/2025/texmf-dist/tex/generic/pgf/basiclayer/pgfcorepatterns.code.tex
File: pgfcorepatterns.code.tex 2023-01-15 v3.1.10 (3.1.10)
) (c:/texlive/2025/texmf-dist/tex/generic/pgf/basiclayer/pgfcorerdf.code.tex
File: pgfcorerdf.code.tex 2023-01-15 v3.1.10 (3.1.10)
))) (c:/texlive/2025/texmf-dist/tex/generic/pgf/modules/pgfmoduleshapes.code.tex
File: pgfmoduleshapes.code.tex 2023-01-15 v3.1.10 (3.1.10)
\pgfnodeparttextbox=\box115
) (c:/texlive/2025/texmf-dist/tex/generic/pgf/modules/pgfmoduleplot.code.tex
File: pgfmoduleplot.code.tex 2023-01-15 v3.1.10 (3.1.10)
) (c:/texlive/2025/texmf-dist/tex/latex/pgf/compatibility/pgfcomp-version-0-65.sty
Package: pgfcomp-version-0-65 2023-01-15 v3.1.10 (3.1.10)
\pgf@nodesepstart=\dimen308
\pgf@nodesepend=\dimen309
) (c:/texlive/2025/texmf-dist/tex/latex/pgf/compatibility/pgfcomp-version-1-18.sty
Package: pgfcomp-version-1-18 2023-01-15 v3.1.10 (3.1.10)
)) (c:/texlive/2025/texmf-dist/tex/latex/pgf/utilities/pgffor.sty (c:/texlive/2025/texmf-dist/tex/latex/pgf/utilities/pgfkeys.sty (c:/texlive/2025/texmf-dist/tex/generic/pgf/utilities/pgfkeys.code.tex)) (c:/texlive/2025/texmf-dist/tex/latex/pgf/math/pgfmath.sty (c:/texlive/2025/texmf-dist/tex/generic/pgf/math/pgfmath.code.tex)) (c:/texlive/2025/texmf-dist/tex/generic/pgf/utilities/pgffor.code.tex
Package: pgffor 2023-01-15 v3.1.10 (3.1.10)
\pgffor@iter=\dimen310
\pgffor@skip=\dimen311
\pgffor@stack=\toks49
\pgffor@toks=\toks50
)) (c:/texlive/2025/texmf-dist/tex/generic/pgf/frontendlayer/tikz/tikz.code.tex
Package: tikz 2023-01-15 v3.1.10 (3.1.10)
 (c:/texlive/2025/texmf-dist/tex/generic/pgf/libraries/pgflibraryplothandlers.code.tex
File: pgflibraryplothandlers.code.tex 2023-01-15 v3.1.10 (3.1.10)
\pgf@plot@mark@count=\count379
\pgfplotmarksize=\dimen312
)
\tikz@lastx=\dimen313
\tikz@lasty=\dimen314
\tikz@lastxsaved=\dimen315
\tikz@lastysaved=\dimen316
\tikz@lastmovetox=\dimen317
\tikz@lastmovetoy=\dimen318
\tikzleveldistance=\dimen319
\tikzsiblingdistance=\dimen320
\tikz@figbox=\box116
\tikz@figbox@bg=\box117
\tikz@tempbox=\box118
\tikz@tempbox@bg=\box119
\tikztreelevel=\count380
\tikznumberofchildren=\count381
\tikznumberofcurrentchild=\count382
\tikz@fig@count=\count383
 (c:/texlive/2025/texmf-dist/tex/generic/pgf/modules/pgfmodulematrix.code.tex
File: pgfmodulematrix.code.tex 2023-01-15 v3.1.10 (3.1.10)
\pgfmatrixcurrentrow=\count384
\pgfmatrixcurrentcolumn=\count385
\pgf@matrix@numberofcolumns=\count386
)
\tikz@expandcount=\count387
 (c:/texlive/2025/texmf-dist/tex/generic/pgf/frontendlayer/tikz/libraries/tikzlibrarytopaths.code.tex
File: tikzlibrarytopaths.code.tex 2023-01-15 v3.1.10 (3.1.10)
))) (c:/texlive/2025/texmf-dist/tex/latex/tabu/tabu.sty
Package: tabu 2019/01/11 v2.9 - flexible LaTeX tabulars (FC+tabu-fixed)
 (c:/texlive/2025/texmf-dist/tex/latex/varwidth/varwidth.sty
Package: varwidth 2009/03/30 ver 0.92;  Variable-width minipages
\@vwid@box=\box120
\sift@deathcycles=\count388
\@vwid@loff=\dimen321
\@vwid@roff=\dimen322
)
==> First Aid for varwidth.sty applied!
\c@taburow=\count389
\tabu@nbcols=\count390
\tabu@cnt=\count391
\tabu@Xcol=\count392
\tabu@alloc=\count393
\tabu@nested=\count394
\tabu@target=\dimen323
\tabu@spreadtarget=\dimen324
\tabu@naturalX=\dimen325
\tabucolX=\dimen326
\tabu@Xsum=\dimen327
\extrarowdepth=\dimen328
\abovetabulinesep=\dimen329
\belowtabulinesep=\dimen330
\tabustrutrule=\dimen331
\tabu@thebody=\toks51
\tabu@footnotes=\toks52
\tabu@box=\box121
\tabu@arstrutbox=\box122
\tabu@hleads=\box123
\tabu@vleads=\box124
\tabu@cellskip=\skip74
) (c:/texlive/2025/texmf-dist/tex/latex/hobby/tikzlibraryhobby.code.tex (c:/texlive/2025/texmf-dist/tex/latex/hobby/pgflibraryhobby.code.tex (c:/texlive/2025/texmf-dist/tex/latex/hobby/hobby.code.tex (c:/texlive/2025/texmf-dist/tex/latex/hobby/pml3array.sty
\l_array_base_int=\count395
\l_array_top_int=\count396
\l_array_tmp_int=\count397
\g_array_map_int=\count398
\g_array_base_int=\count399
)
\g__hobby_npoints_int=\count400
\g__hobby_draw_int=\count401
))) (c:/texlive/2025/texmf-dist/tex/generic/pgf/frontendlayer/tikz/libraries/tikzlibraryintersections.code.tex (c:/texlive/2025/texmf-dist/tex/generic/pgf/libraries/pgflibraryintersections.code.tex (c:/texlive/2025/texmf-dist/tex/generic/pgf/libraries/pgflibraryfpu.code.tex)
\pgf@intersect@solutions=\count402
)) (c:/texlive/2025/texmf-dist/tex/latex/spath3/tikzlibraryspath3.code.tex (c:/texlive/2025/texmf-dist/tex/latex/spath3/spath3.sty
Package: spath3 2024/05/31 v2.8 Functions for manipulating PGF soft paths
\g__spath_output_int=\count403
\l__spath_tmpa_dim=\dimen332
\l__spath_tmpb_dim=\dimen333
\l__spath_tmpa_int=\count404
\l__spath_tmpb_int=\count405
\l__spath_move_x_dim=\dimen334
\l__spath_move_y_dim=\dimen335
\l__spath_rectx_dim=\dimen336
\l__spath_recty_dim=\dimen337
\g__spath_anon_int=\count406
)
\l__tikzspath_tmpa_int=\count407
) (c:/texlive/2025/texmf-dist/tex/generic/pgf/frontendlayer/tikz/libraries/tikzlibrarydecorations.markings.code.tex (c:/texlive/2025/texmf-dist/tex/generic/pgf/frontendlayer/tikz/libraries/tikzlibrarydecorations.code.tex (c:/texlive/2025/texmf-dist/tex/generic/pgf/modules/pgfmoduledecorations.code.tex
\pgfdecoratedcompleteddistance=\dimen338
\pgfdecoratedremainingdistance=\dimen339
\pgfdecoratedinputsegmentcompleteddistance=\dimen340
\pgfdecoratedinputsegmentremainingdistance=\dimen341
\pgf@decorate@distancetomove=\dimen342
\pgf@decorate@repeatstate=\count408
\pgfdecorationsegmentamplitude=\dimen343
\pgfdecorationsegmentlength=\dimen344
)
\tikz@lib@dec@box=\box125
) (c:/texlive/2025/texmf-dist/tex/generic/pgf/libraries/decorations/pgflibrarydecorations.markings.code.tex)) (c:/texlive/2025/texmf-dist/tex/generic/pgf/libraries/pgflibraryarrows.meta.code.tex
File: pgflibraryarrows.meta.code.tex 2023-01-15 v3.1.10 (3.1.10)
\pgfarrowinset=\dimen345
\pgfarrowlength=\dimen346
\pgfarrowwidth=\dimen347
\pgfarrowlinewidth=\dimen348
)
\c@thm=\count409


Package amsthm Warning: Unknown theoremstyle `theorem' on input line 67.


Package amsthm Warning: Unknown theoremstyle `proposition' on input line 69.


Package amsthm Warning: Unknown theoremstyle `corollary' on input line 71.

(./Final_report.aux

LaTeX Warning: Label `figure_1' multiply defined.


LaTeX Warning: Label `figure_1' multiply defined.


LaTeX Warning: Label `figure_1' multiply defined.


LaTeX Warning: Label `figure_2' multiply defined.


LaTeX Warning: Label `figure_2' multiply defined.


LaTeX Warning: Label `figure_1' multiply defined.


LaTeX Warning: Label `figure_1' multiply defined.


LaTeX Warning: Label `figure_1' multiply defined.


LaTeX Warning: Label `figure_1' multiply defined.


LaTeX Warning: Label `figure_1' multiply defined.


LaTeX Warning: Label `figure_3' multiply defined.

(./result.aux))
\openout1 = `Final_report.aux'.

LaTeX Font Info:    Checking defaults for OML/cmm/m/it on input line 98.
LaTeX Font Info:    ... okay on input line 98.
LaTeX Font Info:    Checking defaults for OMS/cmsy/m/n on input line 98.
LaTeX Font Info:    ... okay on input line 98.
LaTeX Font Info:    Checking defaults for OT1/cmr/m/n on input line 98.
LaTeX Font Info:    ... okay on input line 98.
LaTeX Font Info:    Checking defaults for T1/cmr/m/n on input line 98.
LaTeX Font Info:    ... okay on input line 98.
LaTeX Font Info:    Checking defaults for TS1/cmr/m/n on input line 98.
LaTeX Font Info:    ... okay on input line 98.
LaTeX Font Info:    Checking defaults for TU/lmr/m/n on input line 98.
LaTeX Font Info:    ... okay on input line 98.
LaTeX Font Info:    Checking defaults for OMX/cmex/m/n on input line 98.
LaTeX Font Info:    ... okay on input line 98.
LaTeX Font Info:    Checking defaults for U/cmr/m/n on input line 98.
LaTeX Font Info:    ... okay on input line 98.

Package fontspec Info: 
(fontspec)             Adjusting the maths setup (use [no-math] to avoid
(fontspec)             this).

\symlegacymaths=\mathgroup6
LaTeX Font Info:    Overwriting symbol font `legacymaths' in version `bold'
(Font)                  OT1/cmr/m/n --> OT1/cmr/bx/n on input line 98.
LaTeX Font Info:    Redeclaring math accent \acute on input line 98.
LaTeX Font Info:    Redeclaring math accent \grave on input line 98.
LaTeX Font Info:    Redeclaring math accent \ddot on input line 98.
LaTeX Font Info:    Redeclaring math accent \tilde on input line 98.
LaTeX Font Info:    Redeclaring math accent \bar on input line 98.
LaTeX Font Info:    Redeclaring math accent \breve on input line 98.
LaTeX Font Info:    Redeclaring math accent \check on input line 98.
LaTeX Font Info:    Redeclaring math accent \hat on input line 98.
LaTeX Font Info:    Redeclaring math accent \dot on input line 98.
LaTeX Font Info:    Redeclaring math accent \mathring on input line 98.
LaTeX Font Info:    Redeclaring math symbol \Gamma on input line 98.
LaTeX Font Info:    Redeclaring math symbol \Delta on input line 98.
LaTeX Font Info:    Redeclaring math symbol \Theta on input line 98.
LaTeX Font Info:    Redeclaring math symbol \Lambda on input line 98.
LaTeX Font Info:    Redeclaring math symbol \Xi on input line 98.
LaTeX Font Info:    Redeclaring math symbol \Pi on input line 98.
LaTeX Font Info:    Redeclaring math symbol \Sigma on input line 98.
LaTeX Font Info:    Redeclaring math symbol \Upsilon on input line 98.
LaTeX Font Info:    Redeclaring math symbol \Phi on input line 98.
LaTeX Font Info:    Redeclaring math symbol \Psi on input line 98.
LaTeX Font Info:    Redeclaring math symbol \Omega on input line 98.
LaTeX Font Info:    Redeclaring math symbol \mathdollar on input line 98.
LaTeX Font Info:    Redeclaring symbol font `operators' on input line 98.
LaTeX Font Info:    Encoding `OT1' has changed to `TU' for symbol font
(Font)              `operators' in the math version `normal' on input line 98.
LaTeX Font Info:    Overwriting symbol font `operators' in version `normal'
(Font)                  OT1/cmr/m/n --> TU/lmr/m/n on input line 98.
LaTeX Font Info:    Encoding `OT1' has changed to `TU' for symbol font
(Font)              `operators' in the math version `bold' on input line 98.
LaTeX Font Info:    Overwriting symbol font `operators' in version `bold'
(Font)                  OT1/cmr/bx/n --> TU/lmr/m/n on input line 98.
LaTeX Font Info:    Overwriting symbol font `operators' in version `normal'
(Font)                  TU/lmr/m/n --> TU/lmr/m/n on input line 98.
LaTeX Font Info:    Overwriting math alphabet `\mathit' in version `normal'
(Font)                  OT1/cmr/m/it --> TU/lmr/m/it on input line 98.
LaTeX Font Info:    Overwriting math alphabet `\mathbf' in version `normal'
(Font)                  OT1/cmr/bx/n --> TU/lmr/b/n on input line 98.
LaTeX Font Info:    Overwriting math alphabet `\mathsf' in version `normal'
(Font)                  OT1/cmss/m/n --> TU/lmss/m/n on input line 98.
LaTeX Font Info:    Overwriting math alphabet `\mathtt' in version `normal'
(Font)                  OT1/cmtt/m/n --> TU/lmtt/m/n on input line 98.
LaTeX Font Info:    Overwriting symbol font `operators' in version `bold'
(Font)                  TU/lmr/m/n --> TU/lmr/b/n on input line 98.
LaTeX Font Info:    Overwriting math alphabet `\mathit' in version `bold'
(Font)                  OT1/cmr/bx/it --> TU/lmr/b/it on input line 98.
LaTeX Font Info:    Overwriting math alphabet `\mathsf' in version `bold'
(Font)                  OT1/cmss/bx/n --> TU/lmss/b/n on input line 98.
LaTeX Font Info:    Overwriting math alphabet `\mathtt' in version `bold'
(Font)                  OT1/cmtt/m/n --> TU/lmtt/b/n on input line 98.

Package fontspec Info: 
(fontspec)             Font family 'UnBatang.ttf(0)' created for font
(fontspec)             'UnBatang.ttf' with options
(fontspec)             [Ligatures=TeX,BoldFont={UnBatangBold.ttf},Script={Hangul},Language={Korean}].
(fontspec)              
(fontspec)              This font family consists of the following NFSS
(fontspec)             series/shapes:
(fontspec)              
(fontspec)             - 'normal' (m/n) with NFSS spec.:
(fontspec)             <->"[UnBatang.ttf]/OT:script=hang;language=KOR;mapping=tex-text;"
(fontspec)             - 'bold' (b/n) with NFSS spec.:
(fontspec)             <->"[UnBatangBold.ttf]/OT:script=hang;language=KOR;mapping=tex-text;"


Package fontspec Info: 
(fontspec)             Font family 'UnDotum.ttf(0)' created for font
(fontspec)             'UnDotum.ttf' with options
(fontspec)             [Ligatures=TeX,BoldFont={UnDotumBold.ttf}].
(fontspec)              
(fontspec)              This font family consists of the following NFSS
(fontspec)             series/shapes:
(fontspec)              
(fontspec)             - 'normal' (m/n) with NFSS spec.:
(fontspec)             <->"[UnDotum.ttf]/OT:language=dflt;mapping=tex-text;"
(fontspec)             - 'bold' (b/n) with NFSS spec.:
(fontspec)             <->"[UnDotumBold.ttf]/OT:language=dflt;mapping=tex-text;"


Package fontspec Info: 
(fontspec)             Font family 'UnDotum.ttf(1)' created for font
(fontspec)             'UnDotum.ttf' with options
(fontspec)             [BoldFont={UnDotumBold.ttf},UprightFeatures={SizeFeatures={{Size={-8.5},
(fontspec)             FakeStretch=1.062}, {Size={8.5-11}, FakeStretch=1.05 },
(fontspec)             {Size={11-}, FakeStretch=1.03
(fontspec)             }}},BoldFeatures={SizeFeatures={{Size={-},
(fontspec)             FakeStretch=1.05 }}},WordSpace={1.66667,0,0}].
(fontspec)              
(fontspec)              This font family consists of the following NFSS
(fontspec)             series/shapes:
(fontspec)              
(fontspec)             - 'normal' (m/n) with NFSS spec.:
(fontspec)             <-8.5>"[UnDotum.ttf]/OT:language=dflt;extend=1.062;"<8.5-11>"[UnDotum.ttf]/OT:language=dflt;extend=1.05;"<11->"[UnDotum.ttf]/OT:language=dflt;extend=1.03;"
(fontspec)             - 'bold' (b/n) with NFSS spec.:
(fontspec)             <->"[UnDotumBold.ttf]/OT:language=dflt;extend=1.05;"


*geometry* driver: auto-detecting
*geometry* detected driver: xetex
*geometry* verbose mode - [ preamble ] result:
* driver: xetex
* paper: <default>
* layout: <same size as paper>
* layoutoffset:(h,v)=(0.0pt,0.0pt)
* modes: 
* h-part:(L,W,R)=(56.9055pt, 500.484pt, 56.9055pt)
* v-part:(T,H,B)=(56.9055pt, 681.15898pt, 56.9055pt)
* \paperwidth=614.295pt
* \paperheight=794.96999pt
* \textwidth=500.484pt
* \textheight=681.15898pt
* \oddsidemargin=-15.36449pt
* \evensidemargin=-15.36449pt
* \topmargin=-52.36449pt
* \headheight=12.0pt
* \headsep=25.0pt
* \topskip=10.0pt
* \footskip=30.0pt
* \marginparwidth=65.0pt
* \marginparsep=11.0pt
* \columnsep=10.0pt
* \skip\footins=9.0pt plus 4.0pt minus 2.0pt
* \hoffset=0.0pt
* \voffset=0.0pt
* \mag=1000
* \@twocolumnfalse
* \@twosidefalse
* \@mparswitchfalse
* \@reversemarginfalse
* (1in=72.27pt=25.4mm, 1cm=28.453pt)

Package caption Info: Begin \AtBeginDocument code.
Package caption Info: End \AtBeginDocument code.
LaTeX Font Info:    Font shape `TU/UnBatang.ttf(0)/bx/n' in size <17.28> not available
(Font)              Font shape `TU/UnBatang.ttf(0)/b/n' tried instead on input line 103.
LaTeX Font Info:    Trying to load font information for U+msa on input line 105.
(c:/texlive/2025/texmf-dist/tex/latex/amsfonts/umsa.fd
File: umsa.fd 2013/01/14 v3.01 AMS symbols A
)
LaTeX Font Info:    Trying to load font information for U+msb on input line 105.
 (c:/texlive/2025/texmf-dist/tex/latex/amsfonts/umsb.fd
File: umsb.fd 2013/01/14 v3.01 AMS symbols B
)
LaTeX Font Info:    Font shape `TU/UnBatang.ttf(0)/bx/n' in size <10> not available
(Font)              Font shape `TU/UnBatang.ttf(0)/b/n' tried instead on input line 118.

Underfull \hbox (badness 10000) in paragraph at lines 139--146

 []



[1

]
LaTeX Font Info:    Font shape `TU/UnBatang.ttf(0)/bx/n' in size <14.4> not available
(Font)              Font shape `TU/UnBatang.ttf(0)/b/n' tried instead on input line 149.

Underfull \hbox (badness 10000) in paragraph at lines 150--153

 []


Underfull \hbox (badness 10000) in paragraph at lines 150--153

 []


LaTeX Font Warning: Font shape `TU/UnBatang.ttf(0)/m/it' undefined
(Font)              using `TU/UnBatang.ttf(0)/m/n' instead on input line 157.

File: figure/theta and handcuff graph.png Graphic file (type bmp)
<figure/theta and handcuff graph.png>

Underfull \hbox (badness 10000) in paragraph at lines 169--173

 []

File: figure/reidemeister.png Graphic file (type bmp)
<figure/reidemeister.png>

LaTeX Warning: `!h' float specifier changed to `!ht'.

File: figure/y6.png Graphic file (type bmp)
<figure/y6.png>
File: figure/y7.png Graphic file (type bmp)
<figure/y7.png>

LaTeX Warning: `!h' float specifier changed to `!ht'.

File: figure/openbook.png Graphic file (type bmp)
<figure/openbook.png>
File: figure/handcuff_openbook.png Graphic file (type bmp)
<figure/handcuff_openbook.png>

LaTeX Warning: `!h' float specifier changed to `!ht'.



[2]

[3]
Underfull \hbox (badness 10000) in paragraph at lines 223--224

 []

File: An arc presentation and a grid diagram of the knot.png Graphic file (type bmp)
<An arc presentation and a grid diagram of the knot.png>
File: figure/crossings.png Graphic file (type bmp)
<figure/crossings.png>
File: figure/move crossing.png Graphic file (type bmp)
<figure/move crossing.png>

LaTeX Warning: `!h' float specifier changed to `!ht'.


Underfull \hbox (badness 10000) in paragraph at lines 256--257

 []



[4]
Underfull \hbox (badness 10000) in paragraph at lines 282--284

 []

LaTeX Font Info:    Font shape `TU/UnBatang.ttf(0)/bx/n' in size <12> not available
(Font)              Font shape `TU/UnBatang.ttf(0)/b/n' tried instead on input line 298.

Underfull \hbox (badness 10000) in paragraph at lines 299--305

 []



[5]
Underfull \hbox (badness 10000) in paragraph at lines 310--312

 []

File: figure/Hdeletion.png Graphic file (type bmp)
<figure/Hdeletion.png>

Underfull \hbox (badness 10000) in paragraph at lines 326--332

 []



[6]
Underfull \hbox (badness 10000) in paragraph at lines 368--370

 []

File: figure/matrix7.png Graphic file (type bmp)
<figure/matrix7.png>
File: figure/T-shape.png Graphic file (type bmp)
<figure/T-shape.png>


[7]
File: figure/matrix4.png Graphic file (type bmp)
<figure/matrix4.png>
File: figure/Line-shape.png Graphic file (type bmp)
<figure/Line-shape.png>


[8]

[9]
File: figure/region.png Graphic file (type bmp)
<figure/region.png>


[10]
File: figure/T-loop.png Graphic file (type bmp)
<figure/T-loop.png>

c:/Users/choim/OneDrive/문서/GitHub/R-E/Final_report/Final_report.tex:525: Missing number, treated as zero.
<to be read again> 
                   (
l.525 ...efore, the H-deletion matrix is $n\time (
                                                  n+1)$ matrix. If we delete...
A number should have been here; I inserted `0'.
(If you can't figure out why I needed to see a number,
look up `weird error' in the index to The TeXbook.)


Overfull \hbox (36.42435pt too wide) in paragraph at lines 537--543
\TU/lmr/m/n/10 Knot and Line-shape is also independent. Therefore, the H-deletion matrix is a form of $[]$
 []



[11]

[12]
File: image.png Graphic file (type bmp)
<image.png>


[13]
File: yamada_property.png Graphic file (type bmp)
<yamada_property.png>


[14]
Underfull \hbox (badness 10000) in paragraph at lines 691--692

 []


Underfull \hbox (badness 10000) in paragraph at lines 708--710

 []

File: figure/three_cases.png Graphic file (type bmp)
<figure/three_cases.png>

c:/Users/choim/OneDrive/문서/GitHub/R-E/Final_report/Final_report.tex:721: LaTeX Error: There's no line here to end.

See the LaTeX manual or LaTeX Companion for explanation.
Type  H <return>  for immediate help.
 ...                                              
                                                  
l.721     \\ W
              hen the first case, we can easily reduce the caps, and the ine...
Your command was ignored.
Type  I <command> <return>  to replace it with another command,
or  <return>  to continue without it.



[15]
File: figure/DDQ11.png Graphic file (type bmp)
<figure/DDQ11.png>
File: figure/DDQ12.png Graphic file (type bmp)
<figure/DDQ12.png>

Overfull \hbox (1.33078pt too wide) in paragraph at lines 736--736
 [][]| 
 []

File: figure/DDQ15.png Graphic file (type bmp)
<figure/DDQ15.png>
File: figure/DDQ13.png Graphic file (type bmp)
<figure/DDQ13.png>
File: figure/DDQ14.png Graphic file (type bmp)
<figure/DDQ14.png>

Overfull \hbox (1.33078pt too wide) in paragraph at lines 736--736
 [][]| 
 []

File: figure/DDQ15.png Graphic file (type bmp)
<figure/DDQ15.png>


[16]
Underfull \hbox (badness 10000) in paragraph at lines 790--793

 []


c:/Users/choim/OneDrive/문서/GitHub/R-E/Final_report/Final_report.tex:812: LaTeX Error: There's no line here to end.

See the LaTeX manual or LaTeX Companion for explanation.
Type  H <return>  for immediate help.
 ...                                              
                                                  
l.812 \\ \textbf
                {Case 2.} Handcuff graph
Your command was ignored.
Type  I <command> <return>  to replace it with another command,
or  <return>  to continue without it.



[17]

c:/Users/choim/OneDrive/문서/GitHub/R-E/Final_report/Final_report.tex:827: LaTeX Error: There's no line here to end.

See the LaTeX manual or LaTeX Companion for explanation.
Type  H <return>  for immediate help.
 ...                                              
                                                  
l.827 \\ B
          y Theorem 24,
Your command was ignored.
Type  I <command> <return>  to replace it with another command,
or  <return>  to continue without it.



[18]
\openout2 = `result.aux'.

 (./result.tex
File: grid_diagram/theta_3_1.png Graphic file (type bmp)
<grid_diagram/theta_3_1.png>
File: grid_diagram/theta_4_1.png Graphic file (type bmp)
<grid_diagram/theta_4_1.png>
File: grid_diagram/theta_5_1.png Graphic file (type bmp)
<grid_diagram/theta_5_1.png>
File: grid_diagram/theta_5_2.png Graphic file (type bmp)
<grid_diagram/theta_5_2.png>
File: grid_diagram/theta_5_3.png Graphic file (type bmp)
<grid_diagram/theta_5_3.png>
File: grid_diagram/theta_5_4.png Graphic file (type bmp)
<grid_diagram/theta_5_4.png>
File: grid_diagram/theta_5_5.png Graphic file (type bmp)
<grid_diagram/theta_5_5.png>
File: grid_diagram/theta_5_6.png Graphic file (type bmp)
<grid_diagram/theta_5_6.png>
File: grid_diagram/theta_5_7.png Graphic file (type bmp)
<grid_diagram/theta_5_7.png>
File: grid_diagram/theta_6_1.png Graphic file (type bmp)
<grid_diagram/theta_6_1.png>
File: grid_diagram/theta_6_2.png Graphic file (type bmp)
<grid_diagram/theta_6_2.png>
File: grid_diagram/theta_6_3.png Graphic file (type bmp)
<grid_diagram/theta_6_3.png>
File: grid_diagram/theta_6_4.png Graphic file (type bmp)
<grid_diagram/theta_6_4.png>
File: grid_diagram/theta_6_5.png Graphic file (type bmp)
<grid_diagram/theta_6_5.png>
File: grid_diagram/theta_6_6.png Graphic file (type bmp)
<grid_diagram/theta_6_6.png>
File: grid_diagram/theta_6_7.png Graphic file (type bmp)
<grid_diagram/theta_6_7.png>
File: grid_diagram/theta_6_8.png Graphic file (type bmp)
<grid_diagram/theta_6_8.png>
File: grid_diagram/theta_6_9.png Graphic file (type bmp)
<grid_diagram/theta_6_9.png>
File: grid_diagram/theta_6_10.png Graphic file (type bmp)
<grid_diagram/theta_6_10.png>
File: grid_diagram/theta_6_11.png Graphic file (type bmp)
<grid_diagram/theta_6_11.png>
File: grid_diagram/theta_6_12.png Graphic file (type bmp)
<grid_diagram/theta_6_12.png>
File: grid_diagram/theta_6_13.png Graphic file (type bmp)
<grid_diagram/theta_6_13.png>
File: grid_diagram/theta_6_14.png Graphic file (type bmp)
<grid_diagram/theta_6_14.png>
File: grid_diagram/theta_6_15.png Graphic file (type bmp)
<grid_diagram/theta_6_15.png>
File: grid_diagram/theta_6_16.png Graphic file (type bmp)
<grid_diagram/theta_6_16.png>
File: grid_diagram/theta_7_1.png Graphic file (type bmp)
<grid_diagram/theta_7_1.png>
File: grid_diagram/theta_7_2.png Graphic file (type bmp)
<grid_diagram/theta_7_2.png>
File: grid_diagram/theta_7_3.png Graphic file (type bmp)
<grid_diagram/theta_7_3.png>
File: grid_diagram/theta_7_4.png Graphic file (type bmp)
<grid_diagram/theta_7_4.png>
File: grid_diagram/theta_7_5.png Graphic file (type bmp)
<grid_diagram/theta_7_5.png>
File: grid_diagram/theta_7_6.png Graphic file (type bmp)
<grid_diagram/theta_7_6.png>
File: grid_diagram/theta_7_7.png Graphic file (type bmp)
<grid_diagram/theta_7_7.png>
File: grid_diagram/theta_7_8.png Graphic file (type bmp)
<grid_diagram/theta_7_8.png>
File: grid_diagram/theta_7_9.png Graphic file (type bmp)
<grid_diagram/theta_7_9.png>
File: grid_diagram/theta_7_10.png Graphic file (type bmp)
<grid_diagram/theta_7_10.png>
File: grid_diagram/theta_7_11.png Graphic file (type bmp)
<grid_diagram/theta_7_11.png>
File: grid_diagram/theta_7_12.png Graphic file (type bmp)
<grid_diagram/theta_7_12.png>
File: grid_diagram/theta_7_13.png Graphic file (type bmp)
<grid_diagram/theta_7_13.png>
File: grid_diagram/theta_7_14.png Graphic file (type bmp)
<grid_diagram/theta_7_14.png>
File: grid_diagram/theta_7_15.png Graphic file (type bmp)
<grid_diagram/theta_7_15.png>
File: grid_diagram/theta_7_16.png Graphic file (type bmp)
<grid_diagram/theta_7_16.png>
File: grid_diagram/theta_7_17.png Graphic file (type bmp)
<grid_diagram/theta_7_17.png>
File: grid_diagram/theta_7_18.png Graphic file (type bmp)
<grid_diagram/theta_7_18.png>
File: grid_diagram/theta_7_19.png Graphic file (type bmp)
<grid_diagram/theta_7_19.png>
File: grid_diagram/theta_7_20.png Graphic file (type bmp)
<grid_diagram/theta_7_20.png>
File: grid_diagram/theta_7_21.png Graphic file (type bmp)
<grid_diagram/theta_7_21.png>
File: grid_diagram/theta_7_22.png Graphic file (type bmp)
<grid_diagram/theta_7_22.png>
File: grid_diagram/theta_7_23.png Graphic file (type bmp)
<grid_diagram/theta_7_23.png>
File: grid_diagram/theta_7_24.png Graphic file (type bmp)
<grid_diagram/theta_7_24.png>
File: grid_diagram/theta_7_25.png Graphic file (type bmp)
<grid_diagram/theta_7_25.png>
File: grid_diagram/theta_7_26.png Graphic file (type bmp)
<grid_diagram/theta_7_26.png>
File: grid_diagram/theta_7_27.png Graphic file (type bmp)
<grid_diagram/theta_7_27.png>
File: grid_diagram/theta_7_28.png Graphic file (type bmp)
<grid_diagram/theta_7_28.png>
File: grid_diagram/theta_7_29.png Graphic file (type bmp)
<grid_diagram/theta_7_29.png>
File: grid_diagram/theta_7_30.png Graphic file (type bmp)
<grid_diagram/theta_7_30.png>
File: grid_diagram/theta_7_31.png Graphic file (type bmp)
<grid_diagram/theta_7_31.png>
File: grid_diagram/theta_7_32.png Graphic file (type bmp)
<grid_diagram/theta_7_32.png>
File: grid_diagram/theta_7_33.png Graphic file (type bmp)
<grid_diagram/theta_7_33.png>
File: grid_diagram/theta_7_34.png Graphic file (type bmp)
<grid_diagram/theta_7_34.png>
File: grid_diagram/theta_7_35.png Graphic file (type bmp)
<grid_diagram/theta_7_35.png>
File: grid_diagram/theta_7_36.png Graphic file (type bmp)
<grid_diagram/theta_7_36.png>
File: grid_diagram/theta_7_37.png Graphic file (type bmp)
<grid_diagram/theta_7_37.png>
File: grid_diagram/theta_7_38.png Graphic file (type bmp)
<grid_diagram/theta_7_38.png>
File: grid_diagram/theta_7_39.png Graphic file (type bmp)
<grid_diagram/theta_7_39.png>
File: grid_diagram/theta_7_40.png Graphic file (type bmp)
<grid_diagram/theta_7_40.png>
File: grid_diagram/theta_7_41.png Graphic file (type bmp)
<grid_diagram/theta_7_41.png>
File: grid_diagram/theta_7_42.png Graphic file (type bmp)
<grid_diagram/theta_7_42.png>
File: grid_diagram/theta_7_43.png Graphic file (type bmp)
<grid_diagram/theta_7_43.png>
File: grid_diagram/theta_7_44.png Graphic file (type bmp)
<grid_diagram/theta_7_44.png>
File: grid_diagram/theta_7_45.png Graphic file (type bmp)
<grid_diagram/theta_7_45.png>
File: grid_diagram/theta_7_46.png Graphic file (type bmp)
<grid_diagram/theta_7_46.png>
File: grid_diagram/theta_7_47.png Graphic file (type bmp)
<grid_diagram/theta_7_47.png>
File: grid_diagram/theta_7_48.png Graphic file (type bmp)
<grid_diagram/theta_7_48.png>
File: grid_diagram/theta_7_49.png Graphic file (type bmp)
<grid_diagram/theta_7_49.png>
File: grid_diagram/theta_7_50.png Graphic file (type bmp)
<grid_diagram/theta_7_50.png>
File: grid_diagram/theta_7_51.png Graphic file (type bmp)
<grid_diagram/theta_7_51.png>
File: grid_diagram/theta_7_52.png Graphic file (type bmp)
<grid_diagram/theta_7_52.png>
File: grid_diagram/theta_7_53.png Graphic file (type bmp)
<grid_diagram/theta_7_53.png>
File: grid_diagram/theta_7_54.png Graphic file (type bmp)
<grid_diagram/theta_7_54.png>
File: grid_diagram/theta_7_55.png Graphic file (type bmp)
<grid_diagram/theta_7_55.png>
File: grid_diagram/theta_7_56.png Graphic file (type bmp)
<grid_diagram/theta_7_56.png>
File: grid_diagram/theta_7_57.png Graphic file (type bmp)
<grid_diagram/theta_7_57.png>
File: grid_diagram/theta_7_58.png Graphic file (type bmp)
<grid_diagram/theta_7_58.png>
File: grid_diagram/theta_7_59.png Graphic file (type bmp)
<grid_diagram/theta_7_59.png>
File: grid_diagram/theta_7_60.png Graphic file (type bmp)
<grid_diagram/theta_7_60.png>
File: grid_diagram/theta_7_61.png Graphic file (type bmp)
<grid_diagram/theta_7_61.png>
File: grid_diagram/theta_7_62.png Graphic file (type bmp)
<grid_diagram/theta_7_62.png>
File: grid_diagram/theta_7_63.png Graphic file (type bmp)
<grid_diagram/theta_7_63.png>
File: grid_diagram/theta_7_64.png Graphic file (type bmp)
<grid_diagram/theta_7_64.png>
File: grid_diagram/theta_7_65.png Graphic file (type bmp)
<grid_diagram/theta_7_65.png>

Underfull \hbox (badness 10000) in paragraph at lines 2--367

 []

File: grid_diagram/handcuff_2_1.png Graphic file (type bmp)
<grid_diagram/handcuff_2_1.png>
File: grid_diagram/handcuff_4_1.png Graphic file (type bmp)
<grid_diagram/handcuff_4_1.png>
File: grid_diagram/handcuff_5_1.png Graphic file (type bmp)
<grid_diagram/handcuff_5_1.png>
File: grid_diagram/handcuff_6_1.png Graphic file (type bmp)
<grid_diagram/handcuff_6_1.png>
File: grid_diagram/handcuff_6_2.png Graphic file (type bmp)
<grid_diagram/handcuff_6_2.png>
File: grid_diagram/handcuff_6_3.png Graphic file (type bmp)
<grid_diagram/handcuff_6_3.png>
File: grid_diagram/handcuff_6_4.png Graphic file (type bmp)
<grid_diagram/handcuff_6_4.png>
File: grid_diagram/handcuff_6_5.png Graphic file (type bmp)
<grid_diagram/handcuff_6_5.png>
File: grid_diagram/handcuff_6_6.png Graphic file (type bmp)
<grid_diagram/handcuff_6_6.png>
File: grid_diagram/handcuff_6_7.png Graphic file (type bmp)
<grid_diagram/handcuff_6_7.png>
File: grid_diagram/handcuff_6_8.png Graphic file (type bmp)
<grid_diagram/handcuff_6_8.png>
File: grid_diagram/handcuff_6_9.png Graphic file (type bmp)
<grid_diagram/handcuff_6_9.png>
File: grid_diagram/handcuff_7_1.png Graphic file (type bmp)
<grid_diagram/handcuff_7_1.png>
File: grid_diagram/handcuff_7_2.png Graphic file (type bmp)
<grid_diagram/handcuff_7_2.png>
File: grid_diagram/handcuff_7_3.png Graphic file (type bmp)
<grid_diagram/handcuff_7_3.png>
File: grid_diagram/handcuff_7_4.png Graphic file (type bmp)
<grid_diagram/handcuff_7_4.png>
File: grid_diagram/handcuff_7_5.png Graphic file (type bmp)
<grid_diagram/handcuff_7_5.png>
File: grid_diagram/handcuff_7_6.png Graphic file (type bmp)
<grid_diagram/handcuff_7_6.png>
File: grid_diagram/handcuff_7_7.png Graphic file (type bmp)
<grid_diagram/handcuff_7_7.png>
File: grid_diagram/handcuff_7_8.png Graphic file (type bmp)
<grid_diagram/handcuff_7_8.png>
File: grid_diagram/handcuff_7_9.png Graphic file (type bmp)
<grid_diagram/handcuff_7_9.png>
File: grid_diagram/handcuff_7_10.png Graphic file (type bmp)
<grid_diagram/handcuff_7_10.png>
File: grid_diagram/handcuff_7_11.png Graphic file (type bmp)
<grid_diagram/handcuff_7_11.png>
File: grid_diagram/handcuff_7_12.png Graphic file (type bmp)
<grid_diagram/handcuff_7_12.png>
File: grid_diagram/handcuff_7_13.png Graphic file (type bmp)
<grid_diagram/handcuff_7_13.png>
File: grid_diagram/handcuff_7_14.png Graphic file (type bmp)
<grid_diagram/handcuff_7_14.png>
File: grid_diagram/handcuff_7_15.png Graphic file (type bmp)
<grid_diagram/handcuff_7_15.png>
File: grid_diagram/handcuff_7_16.png Graphic file (type bmp)
<grid_diagram/handcuff_7_16.png>
File: grid_diagram/handcuff_7_17.png Graphic file (type bmp)
<grid_diagram/handcuff_7_17.png>
File: grid_diagram/handcuff_7_18.png Graphic file (type bmp)
<grid_diagram/handcuff_7_18.png>
File: grid_diagram/handcuff_7_19.png Graphic file (type bmp)
<grid_diagram/handcuff_7_19.png>
File: grid_diagram/handcuff_7_20.png Graphic file (type bmp)
<grid_diagram/handcuff_7_20.png>
File: grid_diagram/handcuff_7_21.png Graphic file (type bmp)
<grid_diagram/handcuff_7_21.png>
File: grid_diagram/handcuff_7_22.png Graphic file (type bmp)
<grid_diagram/handcuff_7_22.png>
File: grid_diagram/handcuff_7_23.png Graphic file (type bmp)
<grid_diagram/handcuff_7_23.png>
File: grid_diagram/handcuff_7_24.png Graphic file (type bmp)
<grid_diagram/handcuff_7_24.png>
File: grid_diagram/handcuff_7_25.png Graphic file (type bmp)
<grid_diagram/handcuff_7_25.png>
File: grid_diagram/handcuff_7_26.png Graphic file (type bmp)
<grid_diagram/handcuff_7_26.png>
File: grid_diagram/handcuff_7_27.png Graphic file (type bmp)
<grid_diagram/handcuff_7_27.png>
File: grid_diagram/handcuff_7_28.png Graphic file (type bmp)
<grid_diagram/handcuff_7_28.png>
File: grid_diagram/handcuff_7_29.png Graphic file (type bmp)
<grid_diagram/handcuff_7_29.png>
File: grid_diagram/handcuff_7_30.png Graphic file (type bmp)
<grid_diagram/handcuff_7_30.png>
File: grid_diagram/handcuff_7_31.png Graphic file (type bmp)
<grid_diagram/handcuff_7_31.png>
File: grid_diagram/handcuff_7_32.png Graphic file (type bmp)
<grid_diagram/handcuff_7_32.png>
File: grid_diagram/handcuff_7_33.png Graphic file (type bmp)
<grid_diagram/handcuff_7_33.png>
File: grid_diagram/handcuff_7_34.png Graphic file (type bmp)
<grid_diagram/handcuff_7_34.png>
File: grid_diagram/handcuff_7_35.png Graphic file (type bmp)
<grid_diagram/handcuff_7_35.png>
File: grid_diagram/handcuff_7_36.png Graphic file (type bmp)
<grid_diagram/handcuff_7_36.png>
)

[19

]

[20]

[21


] (./Final_report.aux (./result.aux))
 ***********
LaTeX2e <2025-06-01> patch level 1
L3 programming layer <2025-05-26>
 ***********


LaTeX Font Warning: Some font shapes were not available, defaults substituted.


LaTeX Warning: There were multiply-defined labels.

 ) 
Here is how much of TeX's memory you used:
 27944 strings out of 468527
 595724 string characters out of 5451377
 978297 words of memory out of 5000000
 55714 multiletter control sequences out of 15000+600000
 636564 words of font info for 116 fonts, out of 8000000 for 9000
 1348 hyphenation exceptions out of 8191
 102i,18n,105p,584b,2781s stack positions out of 10000i,1000n,20000p,200000b,200000s

Output written on Final_report.pdf (21 pages).
